<?xml version="1.0" encoding="UTF-8"?>
<testsuite name="qa.quru.JUnitTest" tests="6" skipped="0" failures="0" errors="0" timestamp="2022-10-08T19:32:48" hostname="MacBook-Pro-Sergej.local" time="23.057">
  <properties/>
  <testcase name="Проверка результатов поиска по названию товара Джинсы" classname="qa.quru.JUnitTest" time="10.576"/>
  <testcase name="Проверка результатов поиска по названию товара Свитер" classname="qa.quru.JUnitTest" time="4.384"/>
  <testcase name="Проверка работы поиска по названию товара Джинсы" classname="qa.quru.JUnitTest" time="1.474"/>
  <testcase name="Проверка работы поиска по названию товара Свитер" classname="qa.quru.JUnitTest" time="1.483"/>
  <testcase name="Проверка отображения названия категорий для Мужчинам" classname="qa.quru.JUnitTest" time="2.533"/>
  <testcase name="Проверка отображения названия категорий для Детям" classname="qa.quru.JUnitTest" time="2.596"/>
  <system-out><![CDATA[]]></system-out>
  <system-err><![CDATA[SLF4J: No SLF4J providers were found.
SLF4J: Defaulting to no-operation (NOP) logger implementation
SLF4J: See https://www.slf4j.org/codes.html#noProviders for further details.
Starting ChromeDriver 105.0.5195.52 (412c95e518836d8a7d97250d62b29c2ae6a26a85-refs/branch-heads/5195@{#853}) on port 52315
Only local connections are allowed.
Please see https://chromedriver.chromium.org/security-considerations for suggestions on keeping ChromeDriver safe.
ChromeDriver was started successfully.
окт. 08, 2022 10:32:51 PM org.openqa.selenium.remote.ProtocolHandshake createSession
INFO: Detected upstream dialect: W3C
окт. 08, 2022 10:32:51 PM org.openqa.selenium.devtools.CdpVersionFinder findNearestMatch
WARNING: Unable to find an exact match for CDP version 105, so returning the closest version found: 104
окт. 08, 2022 10:32:51 PM org.openqa.selenium.devtools.CdpVersionFinder findNearestMatch
INFO: Found CDP implementation for version 105 of 104
]]></system-err>
</testsuite>
